[2026-03-30 23:30:46] INFO: Loaded 8 rules from rules.txt
[2026-03-30 23:31:16] INFO: Starting organization of directory: C:\Users\donay\Downloads
[2026-03-30 23:31:16] INFO: Rule applied (pdf) to file: 26IAT005937.pdf
[2026-03-30 23:31:16] INFO: MOVED: 26IAT005937.pdf -> C:\Users\donay\Downloads\Documents\PDFs\26IAT005937.pdf
[2026-03-30 23:31:16] INFO: MOVED: Antigravity.exe -> C:\Users\donay\Downloads\Executables\Antigravity.exe
[2026-03-30 23:31:16] INFO: Rule applied (pdf) to file: Anukrati_Soni_SOP_IIT_Tirupati.pdf
[2026-03-30 23:31:16] INFO: MOVED: Anukrati_Soni_SOP_IIT_Tirupati.pdf -> C:\Users\donay\Downloads\Documents\PDFs\Anukrati_Soni_SOP_IIT_Tirupati.pdf
[2026-03-30 23:31:16] INFO: Renamed clean: Appliation Nest.pdf -> Appliation_Nest.pdf
[2026-03-30 23:31:16] INFO: Rule applied (pdf) to file: Appliation_Nest.pdf
[2026-03-30 23:31:16] INFO: MOVED: Appliation_Nest.pdf -> C:\Users\donay\Downloads\Documents\PDFs\Appliation_Nest.pdf
[2026-03-30 23:31:16] INFO: MOVED: Backup-codes-kathilshiva.txt -> C:\Users\donay\Downloads\Documents\Backup-codes-kathilshiva.txt
[2026-03-30 23:31:16] INFO: Rule applied (pdf) to file: ConfirmationPage-260410099461.pdf
[2026-03-30 23:31:16] INFO: MOVED: ConfirmationPage-260410099461.pdf -> C:\Users\donay\Downloads\Documents\PDFs\ConfirmationPage-260410099461.pdf
[2026-03-30 23:31:16] INFO: Rule applied (pdf) to file: CV.pdf
[2026-03-30 23:31:16] INFO: MOVED: CV.pdf -> C:\Users\donay\Downloads\Documents\PDFs\CV.pdf
[2026-03-30 23:31:16] INFO: Renamed clean: cyber crime.pdf -> cyber_crime.pdf
[2026-03-30 23:31:16] INFO: Rule applied (pdf) to file: cyber_crime.pdf
[2026-03-30 23:31:16] INFO: MOVED: cyber_crime.pdf -> C:\Users\donay\Downloads\Documents\PDFs\cyber_crime.pdf
[2026-03-30 23:31:16] INFO: MOVED: desktop.ini -> C:\Users\donay\Downloads\Uncategorized\desktop.ini
[2026-03-30 23:31:16] INFO: MOVED: flying-bird-logo-bf993eb3-8f50-495f-a04e-3996ae24f32f.jpg -> C:\Users\donay\Downloads\Images\flying-bird-logo-bf993eb3-8f50-495f-a04e-3996ae24f32f.jpg
[2026-03-30 23:31:16] INFO: Renamed clean: Git-2.52.0-64-bit.exe -> Git-2520-64-bit.exe
[2026-03-30 23:31:16] INFO: MOVED: Git-2520-64-bit.exe -> C:\Users\donay\Downloads\Executables\Git-2520-64-bit.exe
[2026-03-30 23:31:16] INFO: Renamed clean: Google Summer of Code 2026.pdf -> Google_Summer_of_Code_2026.pdf
[2026-03-30 23:31:16] INFO: Rule applied (pdf) to file: Google_Summer_of_Code_2026.pdf
[2026-03-30 23:31:16] INFO: MOVED: Google_Summer_of_Code_2026.pdf -> C:\Users\donay\Downloads\Documents\PDFs\Google_Summer_of_Code_2026.pdf
[2026-03-30 23:31:16] INFO: Renamed clean: GSOC Proposal 2026.docx -> GSOC_Proposal_2026.docx
[2026-03-30 23:31:16] INFO: MOVED: GSOC_Proposal_2026.docx -> C:\Users\donay\Downloads\Documents\GSOC_Proposal_2026.docx
[2026-03-30 23:31:16] INFO: Renamed clean: GSOC Proposal 2026.pdf -> GSOC_Proposal_2026.pdf
[2026-03-30 23:31:16] INFO: Rule applied (pdf) to file: GSOC_Proposal_2026.pdf
[2026-03-30 23:31:16] INFO: MOVED: GSOC_Proposal_2026.pdf -> C:\Users\donay\Downloads\Documents\PDFs\GSOC_Proposal_2026.pdf
[2026-03-30 23:31:16] INFO: Renamed clean: GSOC Proposal.pdf -> GSOC_Proposal.pdf
[2026-03-30 23:31:16] INFO: Rule applied (pdf) to file: GSOC_Proposal.pdf
[2026-03-30 23:31:16] INFO: MOVED: GSOC_Proposal.pdf -> C:\Users\donay\Downloads\Documents\PDFs\GSOC_Proposal.pdf
[2026-03-30 23:31:16] INFO: Rule applied (pdf) to file: GSoC2026_Kubeflow_AyushGupta_AgenticRAG.pdf
[2026-03-30 23:31:16] INFO: MOVED: GSoC2026_Kubeflow_AyushGupta_AgenticRAG.pdf -> C:\Users\donay\Downloads\Documents\PDFs\GSoC2026_Kubeflow_AyushGupta_AgenticRAG.pdf
[2026-03-30 23:31:16] INFO: MOVED: Iamge.jpeg -> C:\Users\donay\Downloads\Images\Iamge.jpeg
[2026-03-30 23:31:16] INFO: Renamed clean: IIT-T Intern Declaration.docx -> IIT-T_Intern_Declaration.docx
[2026-03-30 23:31:16] INFO: MOVED: IIT-T_Intern_Declaration.docx -> C:\Users\donay\Downloads\Documents\IIT-T_Intern_Declaration.docx
[2026-03-30 23:31:16] INFO: Renamed clean: Myresume Anukrati.pdf -> Myresume_Anukrati.pdf
[2026-03-30 23:31:16] INFO: Rule applied (pdf) to file: Myresume_Anukrati.pdf
[2026-03-30 23:31:16] INFO: MOVED: Myresume_Anukrati.pdf -> C:\Users\donay\Downloads\Documents\PDFs\Myresume_Anukrati.pdf
[2026-03-30 23:31:16] INFO: Renamed clean: Oracle_VirtualBox_Extension_Pack-7.2.6.vbox-extpack -> Oracle_VirtualBox_Extension_Pack-726.vbox-extpack
[2026-03-30 23:31:16] INFO: MOVED: Oracle_VirtualBox_Extension_Pack-726.vbox-extpack -> C:\Users\donay\Downloads\Uncategorized\Oracle_VirtualBox_Extension_Pack-726.vbox-extpack
[2026-03-30 23:31:16] INFO: Renamed clean: OSSCapstoneProject.docx.pdf -> OSSCapstoneProjectdocx.pdf
[2026-03-30 23:31:16] INFO: Rule applied (project) to file: OSSCapstoneProjectdocx.pdf
[2026-03-30 23:31:16] INFO: MOVED: OSSCapstoneProjectdocx.pdf -> C:\Users\donay\Downloads\University\Projects\OSSCapstoneProjectdocx.pdf
[2026-03-30 23:31:16] INFO: Renamed clean: Passport Size Photograph.jpeg -> Passport_Size_Photograph.jpeg
[2026-03-30 23:31:16] INFO: MOVED: Passport_Size_Photograph.jpeg -> C:\Users\donay\Downloads\Images\Passport_Size_Photograph.jpeg
[2026-03-30 23:31:16] INFO: MOVED: profile.jpg -> C:\Users\donay\Downloads\Images\profile.jpg
[2026-03-30 23:31:16] INFO: Renamed clean: Statement of Purpose.pdf -> Statement_of_Purpose.pdf
[2026-03-30 23:31:16] INFO: Rule applied (pdf) to file: Statement_of_Purpose.pdf
[2026-03-30 23:31:16] INFO: MOVED: Statement_of_Purpose.pdf -> C:\Users\donay\Downloads\Documents\PDFs\Statement_of_Purpose.pdf
[2026-03-30 23:31:16] INFO: Renamed clean: Unconfirmed 878835.crdownload -> Unconfirmed_878835.crdownload
[2026-03-30 23:31:17] INFO: MOVED: Unconfirmed_878835.crdownload -> C:\Users\donay\Downloads\Uncategorized\Unconfirmed_878835.crdownload
[2026-03-30 23:31:17] INFO: MOVED: Video_Generation_With_Namaste.mp4 -> C:\Users\donay\Downloads\Media\Video_Generation_With_Namaste.mp4
[2026-03-30 23:31:17] INFO: Renamed clean: VirtualBox-7.2.6a-172322-Win.exe -> VirtualBox-726a-172322-Win.exe
[2026-03-30 23:31:17] INFO: MOVED: VirtualBox-726a-172322-Win.exe -> C:\Users\donay\Downloads\Executables\VirtualBox-726a-172322-Win.exe
[2026-03-30 23:31:17] INFO: MOVED: vs_BuildTools.exe -> C:\Users\donay\Downloads\Executables\vs_BuildTools.exe
[2026-03-30 23:31:17] INFO: Renamed clean: WhatsApp Image 2025-09-10 at 20.10.00_da713c6b.jpg -> WhatsApp_Image_2025-09-10_at_201000_da713c6b.jpg
[2026-03-30 23:31:17] INFO: MOVED: WhatsApp_Image_2025-09-10_at_201000_da713c6b.jpg -> C:\Users\donay\Downloads\Images\WhatsApp_Image_2025-09-10_at_201000_da713c6b.jpg
[2026-03-30 23:31:17] INFO: Renamed clean: WhatsApp Image 2025-09-10 at 20.10.41_2252c317.jpg -> WhatsApp_Image_2025-09-10_at_201041_2252c317.jpg
[2026-03-30 23:31:17] INFO: MOVED: WhatsApp_Image_2025-09-10_at_201041_2252c317.jpg -> C:\Users\donay\Downloads\Images\WhatsApp_Image_2025-09-10_at_201041_2252c317.jpg
[2026-03-30 23:31:17] INFO: Renamed clean: ~$swer of the python file.docx -> swer_of_the_python_file.docx
[2026-03-30 23:31:17] INFO: MOVED: swer_of_the_python_file.docx -> C:\Users\donay\Downloads\Documents\swer_of_the_python_file.docx
[2026-03-30 23:31:17] INFO: Organization completed for: C:\Users\donay\Downloads
[2026-03-30 23:32:30] INFO: Reverting action: Moved: [C:\Users\donay\Downloads\swer_of_the_python_file.docx] -> [C:\Users\donay\Downloads\Documents\swer_of_the_python_file.docx] at 2026-03-30T23:31:17.602592
[2026-03-30 23:32:30] INFO: Undo successful: Restored to C:\Users\donay\Downloads\swer_of_the_python_file.docx
[2026-03-30 23:32:58] INFO: Reverting action: Moved: [C:\Users\donay\Downloads\~$swer of the python file.docx] -> [C:\Users\donay\Downloads\swer_of_the_python_file.docx] at 2026-03-30T23:31:17.597891900
[2026-03-30 23:32:58] INFO: Undo successful: Restored to C:\Users\donay\Downloads\~$swer of the python file.docx
[2026-03-30 23:33:37] INFO: Starting full revert of 47 operations...
[2026-03-30 23:33:37] INFO: Reverting action: Moved: [C:\Users\donay\Downloads\WhatsApp_Image_2025-09-10_at_201041_2252c317.jpg] -> [C:\Users\donay\Downloads\Images\WhatsApp_Image_2025-09-10_at_201041_2252c317.jpg] at 2026-03-30T23:31:17.596891100
[2026-03-30 23:33:37] INFO: Undo successful: Restored to C:\Users\donay\Downloads\WhatsApp_Image_2025-09-10_at_201041_2252c317.jpg
[2026-03-30 23:33:37] INFO: Reverting action: Moved: [C:\Users\donay\Downloads\WhatsApp Image 2025-09-10 at 20.10.41_2252c317.jpg] -> [C:\Users\donay\Downloads\WhatsApp_Image_2025-09-10_at_201041_2252c317.jpg] at 2026-03-30T23:31:17.594601
[2026-03-30 23:33:37] INFO: Undo successful: Restored to C:\Users\donay\Downloads\WhatsApp Image 2025-09-10 at 20.10.41_2252c317.jpg
[2026-03-30 23:33:37] INFO: Reverting action: Moved: [C:\Users\donay\Downloads\WhatsApp_Image_2025-09-10_at_201000_da713c6b.jpg] -> [C:\Users\donay\Downloads\Images\WhatsApp_Image_2025-09-10_at_201000_da713c6b.jpg] at 2026-03-30T23:31:17.593602
[2026-03-30 23:33:37] INFO: Undo successful: Restored to C:\Users\donay\Downloads\WhatsApp_Image_2025-09-10_at_201000_da713c6b.jpg
[2026-03-30 23:33:37] INFO: Reverting action: Moved: [C:\Users\donay\Downloads\WhatsApp Image 2025-09-10 at 20.10.00_da713c6b.jpg] -> [C:\Users\donay\Downloads\WhatsApp_Image_2025-09-10_at_201000_da713c6b.jpg] at 2026-03-30T23:31:17.588979200
[2026-03-30 23:33:37] INFO: Undo successful: Restored to C:\Users\donay\Downloads\WhatsApp Image 2025-09-10 at 20.10.00_da713c6b.jpg
[2026-03-30 23:33:37] INFO: Reverting action: Moved: [C:\Users\donay\Downloads\vs_BuildTools.exe] -> [C:\Users\donay\Downloads\Executables\vs_BuildTools.exe] at 2026-03-30T23:31:17.588160200
[2026-03-30 23:33:37] INFO: Undo successful: Restored to C:\Users\donay\Downloads\vs_BuildTools.exe
[2026-03-30 23:33:37] INFO: Reverting action: Moved: [C:\Users\donay\Downloads\VirtualBox-726a-172322-Win.exe] -> [C:\Users\donay\Downloads\Executables\VirtualBox-726a-172322-Win.exe] at 2026-03-30T23:31:17.575888100
[2026-03-30 23:33:37] INFO: Undo successful: Restored to C:\Users\donay\Downloads\VirtualBox-726a-172322-Win.exe
[2026-03-30 23:33:37] INFO: Reverting action: Moved: [C:\Users\donay\Downloads\VirtualBox-7.2.6a-172322-Win.exe] -> [C:\Users\donay\Downloads\VirtualBox-726a-172322-Win.exe] at 2026-03-30T23:31:17.280131
[2026-03-30 23:33:37] INFO: Undo successful: Restored to C:\Users\donay\Downloads\VirtualBox-7.2.6a-172322-Win.exe
[2026-03-30 23:33:37] INFO: Reverting action: Moved: [C:\Users\donay\Downloads\Video_Generation_With_Namaste.mp4] -> [C:\Users\donay\Downloads\Media\Video_Generation_With_Namaste.mp4] at 2026-03-30T23:31:17.280131
[2026-03-30 23:33:37] INFO: Undo successful: Restored to C:\Users\donay\Downloads\Video_Generation_With_Namaste.mp4
[2026-03-30 23:33:37] INFO: Reverting action: Moved: [C:\Users\donay\Downloads\Unconfirmed_878835.crdownload] -> [C:\Users\donay\Downloads\Uncategorized\Unconfirmed_878835.crdownload] at 2026-03-30T23:31:17.276595700
[2026-03-30 23:33:37] INFO: Undo successful: Restored to C:\Users\donay\Downloads\Unconfirmed_878835.crdownload
[2026-03-30 23:33:37] INFO: Reverting action: Moved: [C:\Users\donay\Downloads\Unconfirmed 878835.crdownload] -> [C:\Users\donay\Downloads\Unconfirmed_878835.crdownload] at 2026-03-30T23:31:16.951494200
[2026-03-30 23:33:37] INFO: Undo successful: Restored to C:\Users\donay\Downloads\Unconfirmed 878835.crdownload
[2026-03-30 23:33:37] INFO: Reverting action: Moved: [C:\Users\donay\Downloads\Statement_of_Purpose.pdf] -> [C:\Users\donay\Downloads\Documents\PDFs\Statement_of_Purpose.pdf] at 2026-03-30T23:31:16.950488700
[2026-03-30 23:33:37] INFO: Undo successful: Restored to C:\Users\donay\Downloads\Statement_of_Purpose.pdf
[2026-03-30 23:33:37] INFO: Reverting action: Moved: [C:\Users\donay\Downloads\Statement of Purpose.pdf] -> [C:\Users\donay\Downloads\Statement_of_Purpose.pdf] at 2026-03-30T23:31:16.946591
[2026-03-30 23:33:37] INFO: Undo successful: Restored to C:\Users\donay\Downloads\Statement of Purpose.pdf
[2026-03-30 23:33:37] INFO: Reverting action: Moved: [C:\Users\donay\Downloads\profile.jpg] -> [C:\Users\donay\Downloads\Images\profile.jpg] at 2026-03-30T23:31:16.943591700
[2026-03-30 23:33:37] INFO: Undo successful: Restored to C:\Users\donay\Downloads\profile.jpg
[2026-03-30 23:33:37] INFO: Reverting action: Moved: [C:\Users\donay\Downloads\Passport_Size_Photograph.jpeg] -> [C:\Users\donay\Downloads\Images\Passport_Size_Photograph.jpeg] at 2026-03-30T23:31:16.934079300
[2026-03-30 23:33:37] INFO: Undo successful: Restored to C:\Users\donay\Downloads\Passport_Size_Photograph.jpeg
[2026-03-30 23:33:37] INFO: Reverting action: Moved: [C:\Users\donay\Downloads\Passport Size Photograph.jpeg] -> [C:\Users\donay\Downloads\Passport_Size_Photograph.jpeg] at 2026-03-30T23:31:16.930295900
[2026-03-30 23:33:37] INFO: Undo successful: Restored to C:\Users\donay\Downloads\Passport Size Photograph.jpeg
[2026-03-30 23:33:37] INFO: Reverting action: Moved: [C:\Users\donay\Downloads\OSSCapstoneProjectdocx.pdf] -> [C:\Users\donay\Downloads\University\Projects\OSSCapstoneProjectdocx.pdf] at 2026-03-30T23:31:16.928289500
[2026-03-30 23:33:37] INFO: Undo successful: Restored to C:\Users\donay\Downloads\OSSCapstoneProjectdocx.pdf
[2026-03-30 23:33:37] INFO: Reverting action: Moved: [C:\Users\donay\Downloads\OSSCapstoneProject.docx.pdf] -> [C:\Users\donay\Downloads\OSSCapstoneProjectdocx.pdf] at 2026-03-30T23:31:16.923198
[2026-03-30 23:33:37] INFO: Undo successful: Restored to C:\Users\donay\Downloads\OSSCapstoneProject.docx.pdf
[2026-03-30 23:33:37] INFO: Reverting action: Moved: [C:\Users\donay\Downloads\Oracle_VirtualBox_Extension_Pack-726.vbox-extpack] -> [C:\Users\donay\Downloads\Uncategorized\Oracle_VirtualBox_Extension_Pack-726.vbox-extpack] at 2026-03-30T23:31:16.922197
[2026-03-30 23:33:37] INFO: Undo successful: Restored to C:\Users\donay\Downloads\Oracle_VirtualBox_Extension_Pack-726.vbox-extpack
[2026-03-30 23:33:37] INFO: Reverting action: Moved: [C:\Users\donay\Downloads\Oracle_VirtualBox_Extension_Pack-7.2.6.vbox-extpack] -> [C:\Users\donay\Downloads\Oracle_VirtualBox_Extension_Pack-726.vbox-extpack] at 2026-03-30T23:31:16.880615300
[2026-03-30 23:33:37] INFO: Undo successful: Restored to C:\Users\donay\Downloads\Oracle_VirtualBox_Extension_Pack-7.2.6.vbox-extpack
[2026-03-30 23:33:37] INFO: Reverting action: Moved: [C:\Users\donay\Downloads\Myresume_Anukrati.pdf] -> [C:\Users\donay\Downloads\Documents\PDFs\Myresume_Anukrati.pdf] at 2026-03-30T23:31:16.880615300
[2026-03-30 23:33:37] INFO: Undo successful: Restored to C:\Users\donay\Downloads\Myresume_Anukrati.pdf
[2026-03-30 23:33:37] INFO: Reverting action: Moved: [C:\Users\donay\Downloads\Myresume Anukrati.pdf] -> [C:\Users\donay\Downloads\Myresume_Anukrati.pdf] at 2026-03-30T23:31:16.876950200
[2026-03-30 23:33:37] INFO: Undo successful: Restored to C:\Users\donay\Downloads\Myresume Anukrati.pdf
[2026-03-30 23:33:37] INFO: Reverting action: Moved: [C:\Users\donay\Downloads\IIT-T_Intern_Declaration.docx] -> [C:\Users\donay\Downloads\Documents\IIT-T_Intern_Declaration.docx] at 2026-03-30T23:31:16.875574300
[2026-03-30 23:33:37] INFO: Undo successful: Restored to C:\Users\donay\Downloads\IIT-T_Intern_Declaration.docx
[2026-03-30 23:33:37] INFO: Reverting action: Moved: [C:\Users\donay\Downloads\IIT-T Intern Declaration.docx] -> [C:\Users\donay\Downloads\IIT-T_Intern_Declaration.docx] at 2026-03-30T23:31:16.874191
[2026-03-30 23:33:37] INFO: Undo successful: Restored to C:\Users\donay\Downloads\IIT-T Intern Declaration.docx
[2026-03-30 23:33:37] INFO: Reverting action: Moved: [C:\Users\donay\Downloads\Iamge.jpeg] -> [C:\Users\donay\Downloads\Images\Iamge.jpeg] at 2026-03-30T23:31:16.872683400
[2026-03-30 23:33:37] INFO: Undo successful: Restored to C:\Users\donay\Downloads\Iamge.jpeg
[2026-03-30 23:33:37] INFO: Reverting action: Moved: [C:\Users\donay\Downloads\GSoC2026_Kubeflow_AyushGupta_AgenticRAG.pdf] -> [C:\Users\donay\Downloads\Documents\PDFs\GSoC2026_Kubeflow_AyushGupta_AgenticRAG.pdf] at 2026-03-30T23:31:16.869133
[2026-03-30 23:33:37] INFO: Undo successful: Restored to C:\Users\donay\Downloads\GSoC2026_Kubeflow_AyushGupta_AgenticRAG.pdf
[2026-03-30 23:33:37] INFO: Reverting action: Moved: [C:\Users\donay\Downloads\GSOC_Proposal.pdf] -> [C:\Users\donay\Downloads\Documents\PDFs\GSOC_Proposal.pdf] at 2026-03-30T23:31:16.865698700
[2026-03-30 23:33:37] INFO: Undo successful: Restored to C:\Users\donay\Downloads\GSOC_Proposal.pdf
[2026-03-30 23:33:37] INFO: Reverting action: Moved: [C:\Users\donay\Downloads\GSOC Proposal.pdf] -> [C:\Users\donay\Downloads\GSOC_Proposal.pdf] at 2026-03-30T23:31:16.861057700
[2026-03-30 23:33:37] INFO: Undo successful: Restored to C:\Users\donay\Downloads\GSOC Proposal.pdf
[2026-03-30 23:33:37] INFO: Reverting action: Moved: [C:\Users\donay\Downloads\GSOC_Proposal_2026.pdf] -> [C:\Users\donay\Downloads\Documents\PDFs\GSOC_Proposal_2026.pdf] at 2026-03-30T23:31:16.860085900
[2026-03-30 23:33:37] INFO: Undo successful: Restored to C:\Users\donay\Downloads\GSOC_Proposal_2026.pdf
[2026-03-30 23:33:37] INFO: Reverting action: Moved: [C:\Users\donay\Downloads\GSOC Proposal 2026.pdf] -> [C:\Users\donay\Downloads\GSOC_Proposal_2026.pdf] at 2026-03-30T23:31:16.853811600
[2026-03-30 23:33:37] INFO: Undo successful: Restored to C:\Users\donay\Downloads\GSOC Proposal 2026.pdf
[2026-03-30 23:33:37] INFO: Reverting action: Moved: [C:\Users\donay\Downloads\GSOC_Proposal_2026.docx] -> [C:\Users\donay\Downloads\Documents\GSOC_Proposal_2026.docx] at 2026-03-30T23:31:16.852813400
[2026-03-30 23:33:37] INFO: Undo successful: Restored to C:\Users\donay\Downloads\GSOC_Proposal_2026.docx
[2026-03-30 23:33:37] INFO: Reverting action: Moved: [C:\Users\donay\Downloads\GSOC Proposal 2026.docx] -> [C:\Users\donay\Downloads\GSOC_Proposal_2026.docx] at 2026-03-30T23:31:16.848299400
[2026-03-30 23:33:37] INFO: Undo successful: Restored to C:\Users\donay\Downloads\GSOC Proposal 2026.docx
[2026-03-30 23:33:37] INFO: Reverting action: Moved: [C:\Users\donay\Downloads\Google_Summer_of_Code_2026.pdf] -> [C:\Users\donay\Downloads\Documents\PDFs\Google_Summer_of_Code_2026.pdf] at 2026-03-30T23:31:16.848299400
[2026-03-30 23:33:37] INFO: Undo successful: Restored to C:\Users\donay\Downloads\Google_Summer_of_Code_2026.pdf
[2026-03-30 23:33:37] INFO: Reverting action: Moved: [C:\Users\donay\Downloads\Google Summer of Code 2026.pdf] -> [C:\Users\donay\Downloads\Google_Summer_of_Code_2026.pdf] at 2026-03-30T23:31:16.844328500
[2026-03-30 23:33:37] INFO: Undo successful: Restored to C:\Users\donay\Downloads\Google Summer of Code 2026.pdf
[2026-03-30 23:33:37] INFO: Reverting action: Moved: [C:\Users\donay\Downloads\Git-2520-64-bit.exe] -> [C:\Users\donay\Downloads\Executables\Git-2520-64-bit.exe] at 2026-03-30T23:31:16.843515900
[2026-03-30 23:33:37] INFO: Undo successful: Restored to C:\Users\donay\Downloads\Git-2520-64-bit.exe
[2026-03-30 23:33:37] INFO: Reverting action: Moved: [C:\Users\donay\Downloads\Git-2.52.0-64-bit.exe] -> [C:\Users\donay\Downloads\Git-2520-64-bit.exe] at 2026-03-30T23:31:16.746731600
[2026-03-30 23:33:37] INFO: Undo successful: Restored to C:\Users\donay\Downloads\Git-2.52.0-64-bit.exe
[2026-03-30 23:33:37] INFO: Reverting action: Moved: [C:\Users\donay\Downloads\flying-bird-logo-bf993eb3-8f50-495f-a04e-3996ae24f32f.jpg] -> [C:\Users\donay\Downloads\Images\flying-bird-logo-bf993eb3-8f50-495f-a04e-3996ae24f32f.jpg] at 2026-03-30T23:31:16.746731600
[2026-03-30 23:33:37] INFO: Undo successful: Restored to C:\Users\donay\Downloads\flying-bird-logo-bf993eb3-8f50-495f-a04e-3996ae24f32f.jpg
[2026-03-30 23:33:37] INFO: Reverting action: Moved: [C:\Users\donay\Downloads\desktop.ini] -> [C:\Users\donay\Downloads\Uncategorized\desktop.ini] at 2026-03-30T23:31:16.744074400
[2026-03-30 23:33:37] INFO: Undo successful: Restored to C:\Users\donay\Downloads\desktop.ini
[2026-03-30 23:33:37] INFO: Reverting action: Moved: [C:\Users\donay\Downloads\cyber_crime.pdf] -> [C:\Users\donay\Downloads\Documents\PDFs\cyber_crime.pdf] at 2026-03-30T23:31:16.742068400
[2026-03-30 23:33:37] INFO: Undo successful: Restored to C:\Users\donay\Downloads\cyber_crime.pdf
[2026-03-30 23:33:37] INFO: Reverting action: Moved: [C:\Users\donay\Downloads\cyber crime.pdf] -> [C:\Users\donay\Downloads\cyber_crime.pdf] at 2026-03-30T23:31:16.732109400
[2026-03-30 23:33:37] INFO: Undo successful: Restored to C:\Users\donay\Downloads\cyber crime.pdf
[2026-03-30 23:33:37] INFO: Reverting action: Moved: [C:\Users\donay\Downloads\CV.pdf] -> [C:\Users\donay\Downloads\Documents\PDFs\CV.pdf] at 2026-03-30T23:31:16.731342400
[2026-03-30 23:33:37] INFO: Undo successful: Restored to C:\Users\donay\Downloads\CV.pdf
[2026-03-30 23:33:37] INFO: Reverting action: Moved: [C:\Users\donay\Downloads\ConfirmationPage-260410099461.pdf] -> [C:\Users\donay\Downloads\Documents\PDFs\ConfirmationPage-260410099461.pdf] at 2026-03-30T23:31:16.728437500
[2026-03-30 23:33:37] INFO: Undo successful: Restored to C:\Users\donay\Downloads\ConfirmationPage-260410099461.pdf
[2026-03-30 23:33:37] INFO: Reverting action: Moved: [C:\Users\donay\Downloads\Backup-codes-kathilshiva.txt] -> [C:\Users\donay\Downloads\Documents\Backup-codes-kathilshiva.txt] at 2026-03-30T23:31:16.724220600
[2026-03-30 23:33:37] INFO: Undo successful: Restored to C:\Users\donay\Downloads\Backup-codes-kathilshiva.txt
[2026-03-30 23:33:37] INFO: Reverting action: Moved: [C:\Users\donay\Downloads\Appliation_Nest.pdf] -> [C:\Users\donay\Downloads\Documents\PDFs\Appliation_Nest.pdf] at 2026-03-30T23:31:16.720995200
[2026-03-30 23:33:37] INFO: Undo successful: Restored to C:\Users\donay\Downloads\Appliation_Nest.pdf
[2026-03-30 23:33:37] INFO: Reverting action: Moved: [C:\Users\donay\Downloads\Appliation Nest.pdf] -> [C:\Users\donay\Downloads\Appliation_Nest.pdf] at 2026-03-30T23:31:16.713350
[2026-03-30 23:33:37] INFO: Undo successful: Restored to C:\Users\donay\Downloads\Appliation Nest.pdf
[2026-03-30 23:33:37] INFO: Reverting action: Moved: [C:\Users\donay\Downloads\Anukrati_Soni_SOP_IIT_Tirupati.pdf] -> [C:\Users\donay\Downloads\Documents\PDFs\Anukrati_Soni_SOP_IIT_Tirupati.pdf] at 2026-03-30T23:31:16.712992800
[2026-03-30 23:33:37] INFO: Undo successful: Restored to C:\Users\donay\Downloads\Anukrati_Soni_SOP_IIT_Tirupati.pdf
[2026-03-30 23:33:37] INFO: Reverting action: Moved: [C:\Users\donay\Downloads\Antigravity.exe] -> [C:\Users\donay\Downloads\Executables\Antigravity.exe] at 2026-03-30T23:31:16.709385300
[2026-03-30 23:33:37] INFO: Undo successful: Restored to C:\Users\donay\Downloads\Antigravity.exe
[2026-03-30 23:33:37] INFO: Reverting action: Moved: [C:\Users\donay\Downloads\26IAT005937.pdf] -> [C:\Users\donay\Downloads\Documents\PDFs\26IAT005937.pdf] at 2026-03-30T23:31:16.513597200
[2026-03-30 23:33:37] INFO: Undo successful: Restored to C:\Users\donay\Downloads\26IAT005937.pdf
[2026-03-30 23:33:37] INFO: Full revert completed.
[2026-03-30 23:34:02] INFO: Starting organization of directory: C:\Users\donay\Downloads
[2026-03-30 23:34:02] INFO: Rule applied (pdf) to file: 26IAT005937.pdf
[2026-03-30 23:34:02] INFO: MOVED: 26IAT005937.pdf -> C:\Users\donay\Downloads\Documents\PDFs\26IAT005937.pdf
[2026-03-30 23:34:02] INFO: MOVED: Antigravity.exe -> C:\Users\donay\Downloads\Executables\Antigravity.exe
[2026-03-30 23:34:02] INFO: Rule applied (pdf) to file: Anukrati_Soni_SOP_IIT_Tirupati.pdf
[2026-03-30 23:34:02] INFO: MOVED: Anukrati_Soni_SOP_IIT_Tirupati.pdf -> C:\Users\donay\Downloads\Documents\PDFs\Anukrati_Soni_SOP_IIT_Tirupati.pdf
[2026-03-30 23:34:02] INFO: Renamed clean: Appliation Nest.pdf -> Appliation_Nest.pdf
[2026-03-30 23:34:02] INFO: Rule applied (pdf) to file: Appliation_Nest.pdf
[2026-03-30 23:34:02] INFO: MOVED: Appliation_Nest.pdf -> C:\Users\donay\Downloads\Documents\PDFs\Appliation_Nest.pdf
[2026-03-30 23:34:02] INFO: MOVED: Backup-codes-kathilshiva.txt -> C:\Users\donay\Downloads\Documents\Backup-codes-kathilshiva.txt
[2026-03-30 23:34:02] INFO: Rule applied (pdf) to file: ConfirmationPage-260410099461.pdf
[2026-03-30 23:34:02] INFO: MOVED: ConfirmationPage-260410099461.pdf -> C:\Users\donay\Downloads\Documents\PDFs\ConfirmationPage-260410099461.pdf
[2026-03-30 23:34:02] INFO: Rule applied (pdf) to file: CV.pdf
[2026-03-30 23:34:02] INFO: MOVED: CV.pdf -> C:\Users\donay\Downloads\Documents\PDFs\CV.pdf
[2026-03-30 23:34:02] INFO: Renamed clean: cyber crime.pdf -> cyber_crime.pdf
[2026-03-30 23:34:02] INFO: Rule applied (pdf) to file: cyber_crime.pdf
[2026-03-30 23:34:02] INFO: MOVED: cyber_crime.pdf -> C:\Users\donay\Downloads\Documents\PDFs\cyber_crime.pdf
[2026-03-30 23:34:02] INFO: MOVED: desktop.ini -> C:\Users\donay\Downloads\Uncategorized\desktop.ini
[2026-03-30 23:34:02] INFO: MOVED: flying-bird-logo-bf993eb3-8f50-495f-a04e-3996ae24f32f.jpg -> C:\Users\donay\Downloads\Images\flying-bird-logo-bf993eb3-8f50-495f-a04e-3996ae24f32f.jpg
[2026-03-30 23:34:02] INFO: Renamed clean: Git-2.52.0-64-bit.exe -> Git-2520-64-bit.exe
[2026-03-30 23:34:02] INFO: MOVED: Git-2520-64-bit.exe -> C:\Users\donay\Downloads\Executables\Git-2520-64-bit.exe
[2026-03-30 23:34:02] INFO: Renamed clean: Google Summer of Code 2026.pdf -> Google_Summer_of_Code_2026.pdf
[2026-03-30 23:34:02] INFO: Rule applied (pdf) to file: Google_Summer_of_Code_2026.pdf
[2026-03-30 23:34:02] INFO: MOVED: Google_Summer_of_Code_2026.pdf -> C:\Users\donay\Downloads\Documents\PDFs\Google_Summer_of_Code_2026.pdf
[2026-03-30 23:34:02] INFO: Renamed clean: GSOC Proposal 2026.docx -> GSOC_Proposal_2026.docx
[2026-03-30 23:34:02] INFO: MOVED: GSOC_Proposal_2026.docx -> C:\Users\donay\Downloads\Documents\GSOC_Proposal_2026.docx
[2026-03-30 23:34:02] INFO: Renamed clean: GSOC Proposal 2026.pdf -> GSOC_Proposal_2026.pdf
[2026-03-30 23:34:02] INFO: Rule applied (pdf) to file: GSOC_Proposal_2026.pdf
[2026-03-30 23:34:02] INFO: MOVED: GSOC_Proposal_2026.pdf -> C:\Users\donay\Downloads\Documents\PDFs\GSOC_Proposal_2026.pdf
[2026-03-30 23:34:02] INFO: Renamed clean: GSOC Proposal.pdf -> GSOC_Proposal.pdf
[2026-03-30 23:34:02] INFO: Rule applied (pdf) to file: GSOC_Proposal.pdf
[2026-03-30 23:34:02] INFO: MOVED: GSOC_Proposal.pdf -> C:\Users\donay\Downloads\Documents\PDFs\GSOC_Proposal.pdf
[2026-03-30 23:34:02] INFO: Rule applied (pdf) to file: GSoC2026_Kubeflow_AyushGupta_AgenticRAG.pdf
[2026-03-30 23:34:02] INFO: MOVED: GSoC2026_Kubeflow_AyushGupta_AgenticRAG.pdf -> C:\Users\donay\Downloads\Documents\PDFs\GSoC2026_Kubeflow_AyushGupta_AgenticRAG.pdf
[2026-03-30 23:34:02] INFO: MOVED: Iamge.jpeg -> C:\Users\donay\Downloads\Images\Iamge.jpeg
[2026-03-30 23:34:02] INFO: Renamed clean: IIT-T Intern Declaration.docx -> IIT-T_Intern_Declaration.docx
[2026-03-30 23:34:02] INFO: MOVED: IIT-T_Intern_Declaration.docx -> C:\Users\donay\Downloads\Documents\IIT-T_Intern_Declaration.docx
[2026-03-30 23:34:02] INFO: Renamed clean: Myresume Anukrati.pdf -> Myresume_Anukrati.pdf
[2026-03-30 23:34:02] INFO: Rule applied (pdf) to file: Myresume_Anukrati.pdf
[2026-03-30 23:34:02] INFO: MOVED: Myresume_Anukrati.pdf -> C:\Users\donay\Downloads\Documents\PDFs\Myresume_Anukrati.pdf
[2026-03-30 23:34:02] INFO: Renamed clean: Oracle_VirtualBox_Extension_Pack-7.2.6.vbox-extpack -> Oracle_VirtualBox_Extension_Pack-726.vbox-extpack
[2026-03-30 23:34:02] INFO: MOVED: Oracle_VirtualBox_Extension_Pack-726.vbox-extpack -> C:\Users\donay\Downloads\Uncategorized\Oracle_VirtualBox_Extension_Pack-726.vbox-extpack
[2026-03-30 23:34:02] INFO: Renamed clean: OSSCapstoneProject.docx.pdf -> OSSCapstoneProjectdocx.pdf
[2026-03-30 23:34:02] INFO: Rule applied (project) to file: OSSCapstoneProjectdocx.pdf
[2026-03-30 23:34:02] INFO: MOVED: OSSCapstoneProjectdocx.pdf -> C:\Users\donay\Downloads\University\Projects\OSSCapstoneProjectdocx.pdf
[2026-03-30 23:34:02] INFO: Renamed clean: Passport Size Photograph.jpeg -> Passport_Size_Photograph.jpeg
[2026-03-30 23:34:02] INFO: MOVED: Passport_Size_Photograph.jpeg -> C:\Users\donay\Downloads\Images\Passport_Size_Photograph.jpeg
[2026-03-30 23:34:02] INFO: MOVED: profile.jpg -> C:\Users\donay\Downloads\Images\profile.jpg
[2026-03-30 23:34:02] INFO: Renamed clean: Statement of Purpose.pdf -> Statement_of_Purpose.pdf
[2026-03-30 23:34:02] INFO: Rule applied (pdf) to file: Statement_of_Purpose.pdf
[2026-03-30 23:34:02] INFO: MOVED: Statement_of_Purpose.pdf -> C:\Users\donay\Downloads\Documents\PDFs\Statement_of_Purpose.pdf
[2026-03-30 23:34:02] INFO: Renamed clean: Unconfirmed 878835.crdownload -> Unconfirmed_878835.crdownload
[2026-03-30 23:34:02] INFO: MOVED: Unconfirmed_878835.crdownload -> C:\Users\donay\Downloads\Uncategorized\Unconfirmed_878835.crdownload
[2026-03-30 23:34:02] INFO: MOVED: Video_Generation_With_Namaste.mp4 -> C:\Users\donay\Downloads\Media\Video_Generation_With_Namaste.mp4
[2026-03-30 23:34:02] INFO: Renamed clean: VirtualBox-7.2.6a-172322-Win.exe -> VirtualBox-726a-172322-Win.exe
[2026-03-30 23:34:03] INFO: MOVED: VirtualBox-726a-172322-Win.exe -> C:\Users\donay\Downloads\Executables\VirtualBox-726a-172322-Win.exe
[2026-03-30 23:34:03] INFO: MOVED: vs_BuildTools.exe -> C:\Users\donay\Downloads\Executables\vs_BuildTools.exe
[2026-03-30 23:34:03] INFO: Renamed clean: WhatsApp Image 2025-09-10 at 20.10.00_da713c6b.jpg -> WhatsApp_Image_2025-09-10_at_201000_da713c6b.jpg
[2026-03-30 23:34:03] INFO: MOVED: WhatsApp_Image_2025-09-10_at_201000_da713c6b.jpg -> C:\Users\donay\Downloads\Images\WhatsApp_Image_2025-09-10_at_201000_da713c6b.jpg
[2026-03-30 23:34:03] INFO: Renamed clean: WhatsApp Image 2025-09-10 at 20.10.41_2252c317.jpg -> WhatsApp_Image_2025-09-10_at_201041_2252c317.jpg
[2026-03-30 23:34:03] INFO: MOVED: WhatsApp_Image_2025-09-10_at_201041_2252c317.jpg -> C:\Users\donay\Downloads\Images\WhatsApp_Image_2025-09-10_at_201041_2252c317.jpg
[2026-03-30 23:34:03] INFO: Renamed clean: ~$swer of the python file.docx -> swer_of_the_python_file.docx
[2026-03-30 23:34:03] INFO: MOVED: swer_of_the_python_file.docx -> C:\Users\donay\Downloads\Documents\swer_of_the_python_file.docx
[2026-03-30 23:34:03] INFO: Organization completed for: C:\Users\donay\Downloads
[2026-03-30 23:34:29] INFO: Starting full revert of 49 operations...
[2026-03-30 23:34:29] INFO: Reverting action: Moved: [C:\Users\donay\Downloads\swer_of_the_python_file.docx] -> [C:\Users\donay\Downloads\Documents\swer_of_the_python_file.docx] at 2026-03-30T23:34:03.158289500
[2026-03-30 23:34:29] INFO: Undo successful: Restored to C:\Users\donay\Downloads\swer_of_the_python_file.docx
[2026-03-30 23:34:29] INFO: Reverting action: Moved: [C:\Users\donay\Downloads\~$swer of the python file.docx] -> [C:\Users\donay\Downloads\swer_of_the_python_file.docx] at 2026-03-30T23:34:03.153777
[2026-03-30 23:34:29] INFO: Undo successful: Restored to C:\Users\donay\Downloads\~$swer of the python file.docx
[2026-03-30 23:34:29] INFO: Reverting action: Moved: [C:\Users\donay\Downloads\WhatsApp_Image_2025-09-10_at_201041_2252c317.jpg] -> [C:\Users\donay\Downloads\Images\WhatsApp_Image_2025-09-10_at_201041_2252c317.jpg] at 2026-03-30T23:34:03.152780500
[2026-03-30 23:34:29] INFO: Undo successful: Restored to C:\Users\donay\Downloads\WhatsApp_Image_2025-09-10_at_201041_2252c317.jpg
[2026-03-30 23:34:29] INFO: Reverting action: Moved: [C:\Users\donay\Downloads\WhatsApp Image 2025-09-10 at 20.10.41_2252c317.jpg] -> [C:\Users\donay\Downloads\WhatsApp_Image_2025-09-10_at_201041_2252c317.jpg] at 2026-03-30T23:34:03.148590700
[2026-03-30 23:34:29] INFO: Undo successful: Restored to C:\Users\donay\Downloads\WhatsApp Image 2025-09-10 at 20.10.41_2252c317.jpg
[2026-03-30 23:34:29] INFO: Reverting action: Moved: [C:\Users\donay\Downloads\WhatsApp_Image_2025-09-10_at_201000_da713c6b.jpg] -> [C:\Users\donay\Downloads\Images\WhatsApp_Image_2025-09-10_at_201000_da713c6b.jpg] at 2026-03-30T23:34:03.147583700
[2026-03-30 23:34:29] INFO: Undo successful: Restored to C:\Users\donay\Downloads\WhatsApp_Image_2025-09-10_at_201000_da713c6b.jpg
[2026-03-30 23:34:29] INFO: Reverting action: Moved: [C:\Users\donay\Downloads\WhatsApp Image 2025-09-10 at 20.10.00_da713c6b.jpg] -> [C:\Users\donay\Downloads\WhatsApp_Image_2025-09-10_at_201000_da713c6b.jpg] at 2026-03-30T23:34:03.144733600
[2026-03-30 23:34:29] INFO: Undo successful: Restored to C:\Users\donay\Downloads\WhatsApp Image 2025-09-10 at 20.10.00_da713c6b.jpg
[2026-03-30 23:34:29] INFO: Reverting action: Moved: [C:\Users\donay\Downloads\vs_BuildTools.exe] -> [C:\Users\donay\Downloads\Executables\vs_BuildTools.exe] at 2026-03-30T23:34:03.143676500
[2026-03-30 23:34:29] INFO: Undo successful: Restored to C:\Users\donay\Downloads\vs_BuildTools.exe
[2026-03-30 23:34:29] INFO: Reverting action: Moved: [C:\Users\donay\Downloads\VirtualBox-726a-172322-Win.exe] -> [C:\Users\donay\Downloads\Executables\VirtualBox-726a-172322-Win.exe] at 2026-03-30T23:34:03.129463900
[2026-03-30 23:34:29] INFO: Undo successful: Restored to C:\Users\donay\Downloads\VirtualBox-726a-172322-Win.exe
[2026-03-30 23:34:29] INFO: Reverting action: Moved: [C:\Users\donay\Downloads\VirtualBox-7.2.6a-172322-Win.exe] -> [C:\Users\donay\Downloads\VirtualBox-726a-172322-Win.exe] at 2026-03-30T23:34:02.933132800
[2026-03-30 23:34:29] INFO: Undo successful: Restored to C:\Users\donay\Downloads\VirtualBox-7.2.6a-172322-Win.exe
[2026-03-30 23:34:29] INFO: Reverting action: Moved: [C:\Users\donay\Downloads\Video_Generation_With_Namaste.mp4] -> [C:\Users\donay\Downloads\Media\Video_Generation_With_Namaste.mp4] at 2026-03-30T23:34:02.933132800
[2026-03-30 23:34:29] INFO: Undo successful: Restored to C:\Users\donay\Downloads\Video_Generation_With_Namaste.mp4
[2026-03-30 23:34:29] INFO: Reverting action: Moved: [C:\Users\donay\Downloads\Unconfirmed_878835.crdownload] -> [C:\Users\donay\Downloads\Uncategorized\Unconfirmed_878835.crdownload] at 2026-03-30T23:34:02.929775800
[2026-03-30 23:34:29] INFO: Undo successful: Restored to C:\Users\donay\Downloads\Unconfirmed_878835.crdownload
[2026-03-30 23:34:29] INFO: Reverting action: Moved: [C:\Users\donay\Downloads\Unconfirmed 878835.crdownload] -> [C:\Users\donay\Downloads\Unconfirmed_878835.crdownload] at 2026-03-30T23:34:02.679623400
[2026-03-30 23:34:29] INFO: Undo successful: Restored to C:\Users\donay\Downloads\Unconfirmed 878835.crdownload
[2026-03-30 23:34:29] INFO: Reverting action: Moved: [C:\Users\donay\Downloads\Statement_of_Purpose.pdf] -> [C:\Users\donay\Downloads\Documents\PDFs\Statement_of_Purpose.pdf] at 2026-03-30T23:34:02.679623400
[2026-03-30 23:34:29] INFO: Undo successful: Restored to C:\Users\donay\Downloads\Statement_of_Purpose.pdf
[2026-03-30 23:34:29] INFO: Reverting action: Moved: [C:\Users\donay\Downloads\Statement of Purpose.pdf] -> [C:\Users\donay\Downloads\Statement_of_Purpose.pdf] at 2026-03-30T23:34:02.676506300
[2026-03-30 23:34:29] INFO: Undo successful: Restored to C:\Users\donay\Downloads\Statement of Purpose.pdf
[2026-03-30 23:34:29] INFO: Reverting action: Moved: [C:\Users\donay\Downloads\profile.jpg] -> [C:\Users\donay\Downloads\Images\profile.jpg] at 2026-03-30T23:34:02.676001400
[2026-03-30 23:34:29] INFO: Undo successful: Restored to C:\Users\donay\Downloads\profile.jpg
[2026-03-30 23:34:29] INFO: Reverting action: Moved: [C:\Users\donay\Downloads\Passport_Size_Photograph.jpeg] -> [C:\Users\donay\Downloads\Images\Passport_Size_Photograph.jpeg] at 2026-03-30T23:34:02.673480100
[2026-03-30 23:34:29] INFO: Undo successful: Restored to C:\Users\donay\Downloads\Passport_Size_Photograph.jpeg
[2026-03-30 23:34:29] INFO: Reverting action: Moved: [C:\Users\donay\Downloads\Passport Size Photograph.jpeg] -> [C:\Users\donay\Downloads\Passport_Size_Photograph.jpeg] at 2026-03-30T23:34:02.671775500
[2026-03-30 23:34:29] INFO: Undo successful: Restored to C:\Users\donay\Downloads\Passport Size Photograph.jpeg
[2026-03-30 23:34:29] INFO: Reverting action: Moved: [C:\Users\donay\Downloads\OSSCapstoneProjectdocx.pdf] -> [C:\Users\donay\Downloads\University\Projects\OSSCapstoneProjectdocx.pdf] at 2026-03-30T23:34:02.670771200
[2026-03-30 23:34:29] INFO: Undo successful: Restored to C:\Users\donay\Downloads\OSSCapstoneProjectdocx.pdf
[2026-03-30 23:34:29] INFO: Reverting action: Moved: [C:\Users\donay\Downloads\OSSCapstoneProject.docx.pdf] -> [C:\Users\donay\Downloads\OSSCapstoneProjectdocx.pdf] at 2026-03-30T23:34:02.665507
[2026-03-30 23:34:29] INFO: Undo successful: Restored to C:\Users\donay\Downloads\OSSCapstoneProject.docx.pdf
[2026-03-30 23:34:29] INFO: Reverting action: Moved: [C:\Users\donay\Downloads\Oracle_VirtualBox_Extension_Pack-726.vbox-extpack] -> [C:\Users\donay\Downloads\Uncategorized\Oracle_VirtualBox_Extension_Pack-726.vbox-extpack] at 2026-03-30T23:34:02.663500900
[2026-03-30 23:34:29] INFO: Undo successful: Restored to C:\Users\donay\Downloads\Oracle_VirtualBox_Extension_Pack-726.vbox-extpack
[2026-03-30 23:34:29] INFO: Reverting action: Moved: [C:\Users\donay\Downloads\Oracle_VirtualBox_Extension_Pack-7.2.6.vbox-extpack] -> [C:\Users\donay\Downloads\Oracle_VirtualBox_Extension_Pack-726.vbox-extpack] at 2026-03-30T23:34:02.633936800
[2026-03-30 23:34:29] INFO: Undo successful: Restored to C:\Users\donay\Downloads\Oracle_VirtualBox_Extension_Pack-7.2.6.vbox-extpack
[2026-03-30 23:34:29] INFO: Reverting action: Moved: [C:\Users\donay\Downloads\Myresume_Anukrati.pdf] -> [C:\Users\donay\Downloads\Documents\PDFs\Myresume_Anukrati.pdf] at 2026-03-30T23:34:02.630509100
[2026-03-30 23:34:29] INFO: Undo successful: Restored to C:\Users\donay\Downloads\Myresume_Anukrati.pdf
[2026-03-30 23:34:29] INFO: Reverting action: Moved: [C:\Users\donay\Downloads\Myresume Anukrati.pdf] -> [C:\Users\donay\Downloads\Myresume_Anukrati.pdf] at 2026-03-30T23:34:02.628544200
[2026-03-30 23:34:29] INFO: Undo successful: Restored to C:\Users\donay\Downloads\Myresume Anukrati.pdf
[2026-03-30 23:34:29] INFO: Reverting action: Moved: [C:\Users\donay\Downloads\IIT-T_Intern_Declaration.docx] -> [C:\Users\donay\Downloads\Documents\IIT-T_Intern_Declaration.docx] at 2026-03-30T23:34:02.628544200
[2026-03-30 23:34:29] INFO: Undo successful: Restored to C:\Users\donay\Downloads\IIT-T_Intern_Declaration.docx
[2026-03-30 23:34:29] INFO: Reverting action: Moved: [C:\Users\donay\Downloads\IIT-T Intern Declaration.docx] -> [C:\Users\donay\Downloads\IIT-T_Intern_Declaration.docx] at 2026-03-30T23:34:02.626402200
[2026-03-30 23:34:29] INFO: Undo successful: Restored to C:\Users\donay\Downloads\IIT-T Intern Declaration.docx
[2026-03-30 23:34:29] INFO: Reverting action: Moved: [C:\Users\donay\Downloads\Iamge.jpeg] -> [C:\Users\donay\Downloads\Images\Iamge.jpeg] at 2026-03-30T23:34:02.624896100
[2026-03-30 23:34:29] INFO: Undo successful: Restored to C:\Users\donay\Downloads\Iamge.jpeg
[2026-03-30 23:34:29] INFO: Reverting action: Moved: [C:\Users\donay\Downloads\GSoC2026_Kubeflow_AyushGupta_AgenticRAG.pdf] -> [C:\Users\donay\Downloads\Documents\PDFs\GSoC2026_Kubeflow_AyushGupta_AgenticRAG.pdf] at 2026-03-30T23:34:02.624327500
[2026-03-30 23:34:29] INFO: Undo successful: Restored to C:\Users\donay\Downloads\GSoC2026_Kubeflow_AyushGupta_AgenticRAG.pdf
[2026-03-30 23:34:29] INFO: Reverting action: Moved: [C:\Users\donay\Downloads\GSOC_Proposal.pdf] -> [C:\Users\donay\Downloads\Documents\PDFs\GSOC_Proposal.pdf] at 2026-03-30T23:34:02.621327900
[2026-03-30 23:34:29] INFO: Undo successful: Restored to C:\Users\donay\Downloads\GSOC_Proposal.pdf
[2026-03-30 23:34:29] INFO: Reverting action: Moved: [C:\Users\donay\Downloads\GSOC Proposal.pdf] -> [C:\Users\donay\Downloads\GSOC_Proposal.pdf] at 2026-03-30T23:34:02.617938200
[2026-03-30 23:34:29] INFO: Undo successful: Restored to C:\Users\donay\Downloads\GSOC Proposal.pdf
[2026-03-30 23:34:29] INFO: Reverting action: Moved: [C:\Users\donay\Downloads\GSOC_Proposal_2026.pdf] -> [C:\Users\donay\Downloads\Documents\PDFs\GSOC_Proposal_2026.pdf] at 2026-03-30T23:34:02.617310400
[2026-03-30 23:34:29] INFO: Undo successful: Restored to C:\Users\donay\Downloads\GSOC_Proposal_2026.pdf
[2026-03-30 23:34:29] INFO: Reverting action: Moved: [C:\Users\donay\Downloads\GSOC Proposal 2026.pdf] -> [C:\Users\donay\Downloads\GSOC_Proposal_2026.pdf] at 2026-03-30T23:34:02.612500
[2026-03-30 23:34:29] INFO: Undo successful: Restored to C:\Users\donay\Downloads\GSOC Proposal 2026.pdf
[2026-03-30 23:34:29] INFO: Reverting action: Moved: [C:\Users\donay\Downloads\GSOC_Proposal_2026.docx] -> [C:\Users\donay\Downloads\Documents\GSOC_Proposal_2026.docx] at 2026-03-30T23:34:02.612500
[2026-03-30 23:34:29] INFO: Undo successful: Restored to C:\Users\donay\Downloads\GSOC_Proposal_2026.docx
[2026-03-30 23:34:29] INFO: Reverting action: Moved: [C:\Users\donay\Downloads\GSOC Proposal 2026.docx] -> [C:\Users\donay\Downloads\GSOC_Proposal_2026.docx] at 2026-03-30T23:34:02.608500900
[2026-03-30 23:34:29] INFO: Undo successful: Restored to C:\Users\donay\Downloads\GSOC Proposal 2026.docx
[2026-03-30 23:34:29] INFO: Reverting action: Moved: [C:\Users\donay\Downloads\Google_Summer_of_Code_2026.pdf] -> [C:\Users\donay\Downloads\Documents\PDFs\Google_Summer_of_Code_2026.pdf] at 2026-03-30T23:34:02.607500
[2026-03-30 23:34:29] INFO: Undo successful: Restored to C:\Users\donay\Downloads\Google_Summer_of_Code_2026.pdf
[2026-03-30 23:34:29] INFO: Reverting action: Moved: [C:\Users\donay\Downloads\Google Summer of Code 2026.pdf] -> [C:\Users\donay\Downloads\Google_Summer_of_Code_2026.pdf] at 2026-03-30T23:34:02.600584700
[2026-03-30 23:34:29] INFO: Undo successful: Restored to C:\Users\donay\Downloads\Google Summer of Code 2026.pdf
[2026-03-30 23:34:29] INFO: Reverting action: Moved: [C:\Users\donay\Downloads\Git-2520-64-bit.exe] -> [C:\Users\donay\Downloads\Executables\Git-2520-64-bit.exe] at 2026-03-30T23:34:02.599577600
[2026-03-30 23:34:29] INFO: Undo successful: Restored to C:\Users\donay\Downloads\Git-2520-64-bit.exe
[2026-03-30 23:34:29] INFO: Reverting action: Moved: [C:\Users\donay\Downloads\Git-2.52.0-64-bit.exe] -> [C:\Users\donay\Downloads\Git-2520-64-bit.exe] at 2026-03-30T23:34:02.522222300
[2026-03-30 23:34:29] INFO: Undo successful: Restored to C:\Users\donay\Downloads\Git-2.52.0-64-bit.exe
[2026-03-30 23:34:29] INFO: Reverting action: Moved: [C:\Users\donay\Downloads\flying-bird-logo-bf993eb3-8f50-495f-a04e-3996ae24f32f.jpg] -> [C:\Users\donay\Downloads\Images\flying-bird-logo-bf993eb3-8f50-495f-a04e-3996ae24f32f.jpg] at 2026-03-30T23:34:02.521160600
[2026-03-30 23:34:29] INFO: Undo successful: Restored to C:\Users\donay\Downloads\flying-bird-logo-bf993eb3-8f50-495f-a04e-3996ae24f32f.jpg
[2026-03-30 23:34:29] INFO: Reverting action: Moved: [C:\Users\donay\Downloads\desktop.ini] -> [C:\Users\donay\Downloads\Uncategorized\desktop.ini] at 2026-03-30T23:34:02.519510100
[2026-03-30 23:34:29] INFO: Undo successful: Restored to C:\Users\donay\Downloads\desktop.ini
[2026-03-30 23:34:29] INFO: Reverting action: Moved: [C:\Users\donay\Downloads\cyber_crime.pdf] -> [C:\Users\donay\Downloads\Documents\PDFs\cyber_crime.pdf] at 2026-03-30T23:34:02.515982300
[2026-03-30 23:34:29] INFO: Undo successful: Restored to C:\Users\donay\Downloads\cyber_crime.pdf
[2026-03-30 23:34:29] INFO: Reverting action: Moved: [C:\Users\donay\Downloads\cyber crime.pdf] -> [C:\Users\donay\Downloads\cyber_crime.pdf] at 2026-03-30T23:34:02.512164300
[2026-03-30 23:34:29] INFO: Undo successful: Restored to C:\Users\donay\Downloads\cyber crime.pdf
[2026-03-30 23:34:29] INFO: Reverting action: Moved: [C:\Users\donay\Downloads\CV.pdf] -> [C:\Users\donay\Downloads\Documents\PDFs\CV.pdf] at 2026-03-30T23:34:02.511151800
[2026-03-30 23:34:29] INFO: Undo successful: Restored to C:\Users\donay\Downloads\CV.pdf
[2026-03-30 23:34:29] INFO: Reverting action: Moved: [C:\Users\donay\Downloads\ConfirmationPage-260410099461.pdf] -> [C:\Users\donay\Downloads\Documents\PDFs\ConfirmationPage-260410099461.pdf] at 2026-03-30T23:34:02.508080
[2026-03-30 23:34:29] INFO: Undo successful: Restored to C:\Users\donay\Downloads\ConfirmationPage-260410099461.pdf
[2026-03-30 23:34:29] INFO: Reverting action: Moved: [C:\Users\donay\Downloads\Backup-codes-kathilshiva.txt] -> [C:\Users\donay\Downloads\Documents\Backup-codes-kathilshiva.txt] at 2026-03-30T23:34:02.506072300
[2026-03-30 23:34:29] INFO: Undo successful: Restored to C:\Users\donay\Downloads\Backup-codes-kathilshiva.txt
[2026-03-30 23:34:29] INFO: Reverting action: Moved: [C:\Users\donay\Downloads\Appliation_Nest.pdf] -> [C:\Users\donay\Downloads\Documents\PDFs\Appliation_Nest.pdf] at 2026-03-30T23:34:02.503049800
[2026-03-30 23:34:29] INFO: Undo successful: Restored to C:\Users\donay\Downloads\Appliation_Nest.pdf
[2026-03-30 23:34:29] INFO: Reverting action: Moved: [C:\Users\donay\Downloads\Appliation Nest.pdf] -> [C:\Users\donay\Downloads\Appliation_Nest.pdf] at 2026-03-30T23:34:02.499626300
[2026-03-30 23:34:29] INFO: Undo successful: Restored to C:\Users\donay\Downloads\Appliation Nest.pdf
[2026-03-30 23:34:29] INFO: Reverting action: Moved: [C:\Users\donay\Downloads\Anukrati_Soni_SOP_IIT_Tirupati.pdf] -> [C:\Users\donay\Downloads\Documents\PDFs\Anukrati_Soni_SOP_IIT_Tirupati.pdf] at 2026-03-30T23:34:02.499122500
[2026-03-30 23:34:29] INFO: Undo successful: Restored to C:\Users\donay\Downloads\Anukrati_Soni_SOP_IIT_Tirupati.pdf
[2026-03-30 23:34:29] INFO: Reverting action: Moved: [C:\Users\donay\Downloads\Antigravity.exe] -> [C:\Users\donay\Downloads\Executables\Antigravity.exe] at 2026-03-30T23:34:02.496661200
[2026-03-30 23:34:29] INFO: Undo successful: Restored to C:\Users\donay\Downloads\Antigravity.exe
[2026-03-30 23:34:29] INFO: Reverting action: Moved: [C:\Users\donay\Downloads\26IAT005937.pdf] -> [C:\Users\donay\Downloads\Documents\PDFs\26IAT005937.pdf] at 2026-03-30T23:34:02.256370800
[2026-03-30 23:34:29] INFO: Undo successful: Restored to C:\Users\donay\Downloads\26IAT005937.pdf
[2026-03-30 23:34:29] INFO: Full revert completed.
